<?xml version="1.0" encoding="UTF-8"?>
<!-- Generated by org.testng.reporters.JUnitReportReporter -->
<testsuite hostname="LAPTOP-U34TD2DR" failures="0" tests="2" name="java_Programming.DuplicateElementInArray_String" time="0.025" errors="0" timestamp="2021-06-19T10:08:24 IST" skipped="0">
  <testcase classname="java_Programming.DuplicateElementInArray_String" name="duplicateStElementinArray" time="0.002"/>
  <system-out/>
  <testcase classname="java_Programming.DuplicateElementInArray_String" name="DupElemInArray" time="0.023"/>
  <system-out/>
</testsuite> <!-- java_Programming.DuplicateElementInArray_String -->
