<?xml version="1.0" encoding="UTF-8"?>
<!-- Generated by org.testng.reporters.JUnitReportReporter -->
<testsuite hostname="LAPTOP-U34TD2DR" failures="0" tests="1" name="SeleniumPrograms.SwitchingWindows" time="20.174" errors="0" timestamp="2021-06-05T10:12:18 IST" skipped="0">
  <testcase classname="SeleniumPrograms.SwitchingWindows" name="WindowHandleExample" time="20.174"/>
  <system-out/>
</testsuite> <!-- SeleniumPrograms.SwitchingWindows -->
