<?xml version="1.0" encoding="UTF-8"?>
<!-- Generated by org.testng.reporters.JUnitReportReporter -->
<testsuite hostname="LAPTOP-U34TD2DR" failures="0" tests="2" name="testNg_BasicConcept.TC1" time="0.022" errors="0" timestamp="2021-06-04T17:26:10 IST" skipped="0">
  <testcase classname="testNg_BasicConcept.TC1" name="test1" time="0.019"/>
  <system-out/>
  <testcase classname="testNg_BasicConcept.TC1" name="test2" time="0.003"/>
  <system-out/>
</testsuite> <!-- testNg_BasicConcept.TC1 -->
