<?xml version="1.0" encoding="UTF-8"?>
<!-- Generated by org.testng.reporters.JUnitReportReporter -->
<testsuite hostname="LAPTOP-U34TD2DR" failures="0" tests="4" name="testNg_BasicConcept.PriorityExample" time="0.019" errors="0" timestamp="2021-06-04T16:48:28 IST" skipped="1">
  <testcase classname="testNg_BasicConcept.PriorityExample" name="TestOne" time="0.015"/>
  <system-out/>
  <testcase classname="testNg_BasicConcept.PriorityExample" name="TestTwo" time="0.002"/>
  <system-out/>
  <testcase classname="testNg_BasicConcept.PriorityExample" name="TestThree" time="0.002"/>
  <system-out/>
  <testcase classname="testNg_BasicConcept.PriorityExample" name="TestFour">
    <skipped/>
  </testcase> <!-- TestFour -->
  <system-out/>
</testsuite> <!-- testNg_BasicConcept.PriorityExample -->
