<?xml version="1.0" encoding="UTF-8"?>
<!-- Generated by org.testng.reporters.JUnitReportReporter -->
<testsuite hostname="LAPTOP-U34TD2DR" failures="0" tests="1" name="SeleniumBasics.handleMultipleDropDown_Genericmethod" time="23.568" errors="0" timestamp="2021-06-03T23:10:15 IST" skipped="0">
  <testcase classname="SeleniumBasics.handleMultipleDropDown_Genericmethod" name="HandleMultipleDropdown" time="23.568"/>
  <system-out/>
</testsuite> <!-- SeleniumBasics.handleMultipleDropDown_Genericmethod -->
