<?xml version="1.0" encoding="UTF-8"?>
<!-- Generated by org.testng.reporters.JUnitReportReporter -->
<testsuite hostname="LAPTOP-U34TD2DR" failures="0" tests="13" name="java_Programming.Swapping_Two_Strings" time="7.198" errors="0" timestamp="2021-06-19T10:02:47 IST" skipped="4">
  <testcase classname="java_Programming.Swapping_Two_Strings" name="RemoveJunk" time="0.003"/>
  <system-out/>
  <testcase classname="java_Programming.Swapping_Two_Strings" name="primenumber" time="0.001"/>
  <system-out/>
  <testcase classname="java_Programming.Swapping_Two_Strings" name="factorial" time="0.003"/>
  <system-out/>
  <testcase classname="java_Programming.Swapping_Two_Strings" name="EvenOddFromArray" time="0.015"/>
  <system-out/>
  <testcase classname="java_Programming.Swapping_Two_Strings" name="pallindromeString" time="7.147"/>
  <system-out/>
  <testcase classname="java_Programming.Swapping_Two_Strings" name="callingReverseeachword" time="0.022"/>
  <system-out/>
  <testcase classname="java_Programming.Swapping_Two_Strings" name="factorialrecursion" time="0.002"/>
  <system-out/>
  <testcase classname="java_Programming.Swapping_Two_Strings" name="fibonnaciSeries" time="0.003"/>
  <system-out/>
  <testcase classname="java_Programming.Swapping_Two_Strings" name="RemoveWhiteSpace" time="0.002"/>
  <system-out/>
  <testcase classname="java_Programming.Swapping_Two_Strings" name="Pallindromeno">
    <skipped/>
  </testcase> <!-- Pallindromeno -->
  <system-out/>
  <testcase classname="java_Programming.Swapping_Two_Strings" name="Swap2String">
    <skipped/>
  </testcase> <!-- Swap2String -->
  <system-out/>
  <testcase classname="java_Programming.Swapping_Two_Strings" name="Swapno">
    <skipped/>
  </testcase> <!-- Swapno -->
  <system-out/>
  <testcase classname="java_Programming.Swapping_Two_Strings" name="SwapStrings">
    <skipped/>
  </testcase> <!-- SwapStrings -->
  <system-out/>
</testsuite> <!-- java_Programming.Swapping_Two_Strings -->
