<?xml version="1.0" encoding="UTF-8"?>
<!-- Generated by org.testng.reporters.JUnitReportReporter -->
<testsuite hostname="LAPTOP-U34TD2DR" failures="0" tests="3" name="testNg_BasicConcept.SecondTestcase" time="0.005" errors="0" timestamp="2021-06-04T14:55:34 IST" skipped="0">
  <testcase classname="testNg_BasicConcept.SecondTestcase" name="setup" time="0.001"/>
  <system-out/>
  <testcase classname="testNg_BasicConcept.SecondTestcase" name="Login" time="0.002"/>
  <system-out/>
  <testcase classname="testNg_BasicConcept.SecondTestcase" name="Teardown" time="0.002"/>
  <system-out/>
</testsuite> <!-- testNg_BasicConcept.SecondTestcase -->
