<?xml version="1.0" encoding="UTF-8"?>
<!-- Generated by org.testng.reporters.JUnitReportReporter -->
<testsuite hostname="LAPTOP-U34TD2DR" failures="0" tests="1" name="SeleniumBasics.DropDown" time="8.875" errors="0" timestamp="2021-06-03T22:45:41 IST" skipped="0">
  <testcase classname="SeleniumBasics.DropDown" name="Ddrowndown" time="8.875"/>
  <system-out/>
</testsuite> <!-- SeleniumBasics.DropDown -->
