<?xml version="1.0" encoding="UTF-8"?>
<!-- Generated by org.testng.reporters.JUnitReportReporter -->
<testsuite hostname="LAPTOP-U34TD2DR" failures="0" tests="4" name="testNg_BasicConcept.DependencyTestNG" time="0.016" errors="0" timestamp="2021-06-04T17:06:43 IST" skipped="0">
  <testcase classname="testNg_BasicConcept.DependencyTestNG" name="driveCar" time="0.002"/>
  <system-out/>
  <testcase classname="testNg_BasicConcept.DependencyTestNG" name="stopCar" time="0.001"/>
  <system-out/>
  <testcase classname="testNg_BasicConcept.DependencyTestNG" name="startCar" time="0.012"/>
  <system-out/>
  <testcase classname="testNg_BasicConcept.DependencyTestNG" name="parkCar" time="0.001"/>
  <system-out/>
</testsuite> <!-- testNg_BasicConcept.DependencyTestNG -->
