<?xml version="1.0" encoding="UTF-8"?>
<!-- Generated by org.testng.reporters.JUnitReportReporter -->
<testsuite hostname="LAPTOP-U34TD2DR" failures="0" tests="3" name="testNg_BasicConcept.FirstTestCase" time="0.020" errors="0" timestamp="2021-06-04T14:55:34 IST" skipped="0">
  <testcase classname="testNg_BasicConcept.FirstTestCase" name="setup" time="0.014"/>
  <system-out/>
  <testcase classname="testNg_BasicConcept.FirstTestCase" name="Login" time="0.003"/>
  <system-out/>
  <testcase classname="testNg_BasicConcept.FirstTestCase" name="Teardown" time="0.003"/>
  <system-out/>
</testsuite> <!-- testNg_BasicConcept.FirstTestCase -->
