<?xml version="1.0" encoding="UTF-8"?>
<!-- Generated by org.testng.reporters.JUnitReportReporter -->
<testsuite hostname="LAPTOP-U34TD2DR" failures="0" tests="1" name="SeleniumBasics.HandlingCookie" time="14.887" errors="0" timestamp="2021-06-06T22:36:21 IST" skipped="0">
  <testcase classname="SeleniumBasics.HandlingCookie" name="handlingCookies" time="14.887"/>
  <system-out/>
</testsuite> <!-- SeleniumBasics.HandlingCookie -->
