<?xml version="1.0" encoding="UTF-8"?>
<!-- Generated by org.testng.reporters.JUnitReportReporter -->
<testsuite hostname="LAPTOP-U34TD2DR" failures="0" tests="5" name="testNg_BasicConcept.GroupingTest" time="0.019" errors="0" timestamp="2021-06-04T17:22:26 IST" skipped="0">
  <testcase classname="testNg_BasicConcept.GroupingTest" name="test2" time="0.003"/>
  <system-out/>
  <testcase classname="testNg_BasicConcept.GroupingTest" name="test4" time="0.003"/>
  <system-out/>
  <testcase classname="testNg_BasicConcept.GroupingTest" name="test1" time="0.010"/>
  <system-out/>
  <testcase classname="testNg_BasicConcept.GroupingTest" name="test5" time="0.001"/>
  <system-out/>
  <testcase classname="testNg_BasicConcept.GroupingTest" name="test3" time="0.002"/>
  <system-out/>
</testsuite> <!-- testNg_BasicConcept.GroupingTest -->
