<?xml version="1.0" encoding="UTF-8"?>
<!-- Generated by org.testng.reporters.JUnitReportReporter -->
<testsuite hostname="LAPTOP-U34TD2DR" failures="0" tests="1" name="SeleniumBasics.BootStrap_genericDropdropdownmethod" time="16.773" errors="0" timestamp="2021-06-04T00:18:33 IST" skipped="0">
  <testcase classname="SeleniumBasics.BootStrap_genericDropdropdownmethod" name="bootstrapGenericdrpdown" time="16.773"/>
  <system-out/>
</testsuite> <!-- SeleniumBasics.BootStrap_genericDropdropdownmethod -->
