<?xml version="1.0" encoding="UTF-8"?>
<!-- Generated by org.testng.reporters.JUnitReportReporter -->
<testsuite hostname="LAPTOP-U34TD2DR" failures="0" tests="1" name="stringprogram.Reverse_words_in_String" time="0.012" errors="0" timestamp="2021-06-16T12:53:40 IST" skipped="0">
  <testcase classname="stringprogram.Reverse_words_in_String" name="reverse_string" time="0.012"/>
  <system-out/>
</testsuite> <!-- stringprogram.Reverse_words_in_String -->
