<?xml version="1.0" encoding="UTF-8"?>
<!-- Generated by org.testng.reporters.JUnitReportReporter -->
<testsuite hostname="LAPTOP-U34TD2DR" failures="0" tests="3" name="testNg_BasicConcept.DataProviderExamnple" time="0.008" errors="0" timestamp="2021-06-04T19:01:42 IST" skipped="0">
  <testcase classname="testNg_BasicConcept.DataProviderExamnple" name="loginTest" time="0.006"/>
  <system-out/>
  <testcase classname="testNg_BasicConcept.DataProviderExamnple" name="loginTest" time="0.001"/>
  <system-out/>
  <testcase classname="testNg_BasicConcept.DataProviderExamnple" name="loginTest" time="0.001"/>
  <system-out/>
</testsuite> <!-- testNg_BasicConcept.DataProviderExamnple -->
