<?xml version="1.0" encoding="UTF-8"?>
<!-- Generated by org.testng.reporters.JUnitReportReporter -->
<testsuite hostname="LAPTOP-U34TD2DR" failures="0" tests="1" name="SeleniumPrograms.HandleCertificate" time="9.654" errors="0" timestamp="2021-06-05T10:42:23 IST" skipped="0">
  <testcase classname="SeleniumPrograms.HandleCertificate" name="handleCert" time="9.654"/>
  <system-out/>
</testsuite> <!-- SeleniumPrograms.HandleCertificate -->
