<?xml version="1.0" encoding="UTF-8"?>
<!-- Generated by org.testng.reporters.JUnitReportReporter -->
<testsuite hostname="LAPTOP-U34TD2DR" failures="0" tests="1" name="java_Programming.Reverse_words_in_String" time="0.007" errors="0" timestamp="2021-06-06T11:34:43 IST" skipped="0">
  <testcase classname="java_Programming.Reverse_words_in_String" name="reverse_string" time="0.007"/>
  <system-out/>
</testsuite> <!-- java_Programming.Reverse_words_in_String -->
