<?xml version="1.0" encoding="UTF-8"?>
<!-- Generated by org.testng.reporters.JUnitReportReporter -->
<testsuite hostname="LAPTOP-U34TD2DR" failures="0" tests="1" name="SeleniumPrograms.TakeScreenshot" time="9.297" errors="0" timestamp="2021-06-05T11:05:02 IST" skipped="0">
  <testcase classname="SeleniumPrograms.TakeScreenshot" name="Test1" time="9.297"/>
  <system-out/>
</testsuite> <!-- SeleniumPrograms.TakeScreenshot -->
