<?xml version="1.0" encoding="UTF-8"?>
<!-- Generated by org.testng.reporters.JUnitReportReporter -->
<testsuite hostname="LAPTOP-U34TD2DR" failures="0" tests="1" name="SeleniumBasics.UploadFile" time="65.135" errors="0" timestamp="2021-07-13T15:46:14 IST" skipped="0">
  <testcase classname="SeleniumBasics.UploadFile" name="UploadFileOnWeb" time="65.135"/>
  <system-out/>
</testsuite> <!-- SeleniumBasics.UploadFile -->
