<?xml version="1.0" encoding="UTF-8"?>
<!-- Generated by org.testng.reporters.JUnitReportReporter -->
<testsuite hostname="LAPTOP-U34TD2DR" failures="0" tests="1" name="SeleniumBasics.HandleJQueryDropDown" time="20.052" errors="0" timestamp="2021-06-19T16:09:28 IST" skipped="0">
  <testcase classname="SeleniumBasics.HandleJQueryDropDown" name="Jquerydrpdown" time="20.052"/>
  <system-out/>
</testsuite> <!-- SeleniumBasics.HandleJQueryDropDown -->
