<?xml version="1.0" encoding="UTF-8"?>
<!-- Generated by org.testng.reporters.JUnitReportReporter -->
<testsuite hostname="LAPTOP-U34TD2DR" failures="0" tests="1" name="SeleniumBasics.BootStrapDowndrop" time="26.882" errors="0" timestamp="2021-06-03T23:37:27 IST" skipped="0">
  <testcase classname="SeleniumBasics.BootStrapDowndrop" name="bootstrapdrdwn" time="26.882"/>
  <system-out/>
</testsuite> <!-- SeleniumBasics.BootStrapDowndrop -->
