<?xml version="1.0" encoding="UTF-8"?>
<!-- Generated by org.testng.reporters.JUnitReportReporter -->
<testsuite hostname="LAPTOP-U34TD2DR" failures="0" tests="1" name="SeleniumPrograms.Headless" time="7.458" errors="0" timestamp="2021-06-05T10:47:37 IST" skipped="0">
  <testcase classname="SeleniumPrograms.Headless" name="HeadlessChrome" time="7.458"/>
  <system-out/>
</testsuite> <!-- SeleniumPrograms.Headless -->
